{
  "uid" : "f406645a8761c21b",
  "name" : "Check movie details -- @1.1 ",
  "historyId" : "movieList.movies list managment:movieList.movies list managment#Check movie details -- @1.1 ",
  "time" : {
    "start" : 1588880718872,
    "stop" : 1588880719127,
    "duration" : 255
  },
  "status" : "broken",
  "statusMessage" : "Message: An element could not be located on the page using the given search parameters.\n",
  "statusTrace" : "\n\nFailing step: Given I am on \"movies list\" page ... failed in 0.255s\nLocation: features/movieList.feature:4\nTraceback (most recent call last):\n  File \"C:\\Users\\lauthoma\\Documents\\codingChallenge\\venv\\lib\\site-packages\\behave\\model.py\", line 1329, in run\n    match.run(runner.context)\n  File \"C:\\Users\\lauthoma\\Documents\\codingChallenge\\venv\\lib\\site-packages\\behave\\matchers.py\", line 98, in run\n    self.func(context, *args, **kwargs)\n  File \"features\\steps\\common.py\", line 9, in step_impl\n    movieListPage.check_moviesListPage()\n  File \"C:\\Users\\lauthoma\\Documents\\codingChallenge\\pages\\moviesList.py\", line 19, in check_moviesListPage\n    title = app.get_driver().find_element(*MoviesListLocators.TITLE)\n  File \"C:\\Users\\lauthoma\\Documents\\codingChallenge\\venv\\lib\\site-packages\\appium\\webdriver\\webdriver.py\", line 282, in find_element\n    return self.execute(RemoteCommand.FIND_ELEMENT, {\n  File \"C:\\Users\\lauthoma\\Documents\\codingChallenge\\venv\\lib\\site-packages\\selenium\\webdriver\\remote\\webdriver.py\", line 321, in execute\n    self.error_handler.check_response(response)\n  File \"C:\\Users\\lauthoma\\Documents\\codingChallenge\\venv\\lib\\site-packages\\appium\\webdriver\\errorhandler.py\", line 29, in check_response\n    raise wde\n  File \"C:\\Users\\lauthoma\\Documents\\codingChallenge\\venv\\lib\\site-packages\\appium\\webdriver\\errorhandler.py\", line 24, in check_response\n    super(MobileErrorHandler, self).check_response(response)\n  File \"C:\\Users\\lauthoma\\Documents\\codingChallenge\\venv\\lib\\site-packages\\selenium\\webdriver\\remote\\errorhandler.py\", line 242, in check_response\n    raise exception_class(message, screen, stacktrace)\nselenium.common.exceptions.NoSuchElementException: Message: An element could not be located on the page using the given search parameters.\n\n\n",
  "flaky" : false,
  "newFailed" : false,
  "beforeStages" : [ ],
  "testStage" : {
    "steps" : [ {
      "name" : "",
      "time" : { },
      "steps" : [ ],
      "attachments" : [ ],
      "parameters" : [ ],
      "attachmentsCount" : 0,
      "shouldDisplayMessage" : false,
      "stepsCount" : 0,
      "hasContent" : false
    }, {
      "name" : "",
      "time" : { },
      "steps" : [ ],
      "attachments" : [ ],
      "parameters" : [ ],
      "attachmentsCount" : 0,
      "shouldDisplayMessage" : false,
      "stepsCount" : 0,
      "hasContent" : false
    }, {
      "name" : "@scenario.begin",
      "time" : { },
      "steps" : [ ],
      "attachments" : [ ],
      "parameters" : [ ],
      "attachmentsCount" : 0,
      "shouldDisplayMessage" : false,
      "stepsCount" : 0,
      "hasContent" : false
    }, {
      "name" : "  Scenario Outline: Check movie details -- @1.1 ",
      "time" : { },
      "steps" : [ ],
      "attachments" : [ ],
      "parameters" : [ ],
      "attachmentsCount" : 0,
      "shouldDisplayMessage" : false,
      "stepsCount" : 0,
      "hasContent" : false
    }, {
      "name" : "    Given I am on \"movies list\" page ... failed in 0.255s",
      "time" : { },
      "steps" : [ ],
      "attachments" : [ ],
      "parameters" : [ ],
      "attachmentsCount" : 0,
      "shouldDisplayMessage" : false,
      "stepsCount" : 0,
      "hasContent" : false
    }, {
      "name" : "    When I go to detail page of \"Ad Astra\" ... skipped in 0.000s",
      "time" : { },
      "steps" : [ ],
      "attachments" : [ ],
      "parameters" : [ ],
      "attachmentsCount" : 0,
      "shouldDisplayMessage" : false,
      "stepsCount" : 0,
      "hasContent" : false
    }, {
      "name" : "    Then I see the release date \"2019-09-17\" of \"Ad Astra\" ... skipped in 0.000s",
      "time" : { },
      "steps" : [ ],
      "attachments" : [ ],
      "parameters" : [ ],
      "attachmentsCount" : 0,
      "shouldDisplayMessage" : false,
      "stepsCount" : 0,
      "hasContent" : false
    }, {
      "name" : "",
      "time" : { },
      "steps" : [ ],
      "attachments" : [ ],
      "parameters" : [ ],
      "attachmentsCount" : 0,
      "shouldDisplayMessage" : false,
      "stepsCount" : 0,
      "hasContent" : false
    }, {
      "name" : "@scenario.end",
      "time" : { },
      "steps" : [ ],
      "attachments" : [ ],
      "parameters" : [ ],
      "attachmentsCount" : 0,
      "shouldDisplayMessage" : false,
      "stepsCount" : 0,
      "hasContent" : false
    }, {
      "name" : "--------------------------------------------------------------------------------",
      "time" : { },
      "steps" : [ ],
      "attachments" : [ ],
      "parameters" : [ ],
      "attachmentsCount" : 0,
      "shouldDisplayMessage" : false,
      "stepsCount" : 0,
      "hasContent" : false
    } ],
    "attachments" : [ ],
    "parameters" : [ ],
    "attachmentsCount" : 0,
    "shouldDisplayMessage" : false,
    "stepsCount" : 10,
    "hasContent" : true
  },
  "afterStages" : [ ],
  "labels" : [ {
    "name" : "resultFormat",
    "value" : "junit"
  }, {
    "name" : "suite",
    "value" : "movieList.movies list managment"
  }, {
    "name" : "host",
    "value" : "LFR041858"
  }, {
    "name" : "testClass",
    "value" : "movieList.movies list managment"
  }, {
    "name" : "package",
    "value" : "movieList.movies list managment"
  } ],
  "parameters" : [ ],
  "links" : [ ],
  "hidden" : false,
  "retry" : false,
  "extra" : {
    "severity" : "normal",
    "retries" : [ ],
    "categories" : [ {
      "name" : "Test defects",
      "matchedStatuses" : [ ],
      "flaky" : false
    } ],
    "tags" : [ ]
  },
  "source" : "f406645a8761c21b.json",
  "parameterValues" : [ ]
}